This is pdfTeX, Version 3.141592653-2.6-1.40.24 (TeX Live 2022) (preloaded format=pdflatex 2022.12.8)  1 MAY 2023 14:12
entering extended mode
 \write18 enabled.
 %&-line parsing enabled.
**educmm_txb_COMPMATHLAB-Solution_N_M.tex
(./educmm_txb_COMPMATHLAB-Solution_N_M.tex
LaTeX2e <2021-11-15> patch level 1
L3 programming layer <2022-02-24>
! Undefined control sequence.
l.1 \subsection
               {–¶–µ–ª—å –≤—ã–ø–æ–ª–Ω–µ–Ω–∏—è –¥–æ–º–∞—à–Ω–µ–≥–æ –∑–∞–¥–∞–Ω–...
The control sequence at the end of the top line
of your error message was never \def'ed. If you have
misspelled it (e.g., `\hobx'), type `I' and the correct
spelling (e.g., `I\hbox'). Otherwise just continue,
and I'll forget about whatever was undefined.


! LaTeX Error: Unicode character –¶ (U+0426)
               not set up for use with LaTeX.

See the LaTeX manual or LaTeX Companion for explanation.
Type  H <return>  for immediate help.
 ...                                              
                                                  
l.1 \subsection{–¶
                  –µ–ª—å –≤—ã–ø–æ–ª–Ω–µ–Ω–∏—è –¥–æ–º–∞—à–Ω–µ–≥–æ –∑–∞–¥–∞–Ω–...

You may provide a definition with
\DeclareUnicodeCharacter 


! LaTeX Error: Unicode character –µ (U+0435)
               not set up for use with LaTeX.

See the LaTeX manual or LaTeX Companion for explanation.
Type  H <return>  for immediate help.
 ...                                              
                                                  
l.1 \subsection{–¶–µ
                    –ª—å –≤—ã–ø–æ–ª–Ω–µ–Ω–∏—è –¥–æ–º–∞—à–Ω–µ–≥–æ –∑–∞–¥–∞–Ω–...

You may provide a definition with
\DeclareUnicodeCharacter 


! LaTeX Error: Unicode character –ª (U+043B)
               not set up for use with LaTeX.

See the LaTeX manual or LaTeX Companion for explanation.
Type  H <return>  for immediate help.
 ...                                              
                                                  
l.1 \subsection{–¶–µ–ª
                      —å –≤—ã–ø–æ–ª–Ω–µ–Ω–∏—è –¥–æ–º–∞—à–Ω–µ–≥–æ –∑–∞–¥–∞–Ω–...

You may provide a definition with
\DeclareUnicodeCharacter 


! LaTeX Error: Unicode character —å (U+044C)
               not set up for use with LaTeX.

See the LaTeX manual or LaTeX Companion for explanation.
Type  H <return>  for immediate help.
 ...                                              
                                                  
l.1 \subsection{–¶–µ–ª—å
                         –≤—ã–ø–æ–ª–Ω–µ–Ω–∏—è –¥–æ–º–∞—à–Ω–µ–≥–æ –∑–∞–¥–∞–Ω–...

You may provide a definition with
\DeclareUnicodeCharacter 


! LaTeX Error: Unicode character –≤ (U+0432)
               not set up for use with LaTeX.

See the LaTeX manual or LaTeX Companion for explanation.
Type  H <return>  for immediate help.
 ...                                              
                                                  
l.1 \subsection{–¶–µ–ª—å –≤
                           —ã–ø–æ–ª–Ω–µ–Ω–∏—è –¥–æ–º–∞—à–Ω–µ–≥–æ –∑–∞–¥–∞–Ω–...

You may provide a definition with
\DeclareUnicodeCharacter 


! LaTeX Error: Unicode character —ã (U+044B)
               not set up for use with LaTeX.

See the LaTeX manual or LaTeX Companion for explanation.
Type  H <return>  for immediate help.
 ...                                              
                                                  
l.1 \subsection{–¶–µ–ª—å –≤—ã
                             –ø–æ–ª–Ω–µ–Ω–∏—è –¥–æ–º–∞—à–Ω–µ–≥–æ –∑–∞–¥–∞–Ω–...

You may provide a definition with
\DeclareUnicodeCharacter 


! LaTeX Error: Unicode character –ø (U+043F)
               not set up for use with LaTeX.

See the LaTeX manual or LaTeX Companion for explanation.
Type  H <return>  for immediate help.
 ...                                              
                                                  
l.1 \subsection{–¶–µ–ª—å –≤—ã–ø
                               –æ–ª–Ω–µ–Ω–∏—è –¥–æ–º–∞—à–Ω–µ–≥–æ –∑–∞–¥–∞–Ω–...

You may provide a definition with
\DeclareUnicodeCharacter 


! LaTeX Error: Unicode character –æ (U+043E)
               not set up for use with LaTeX.

See the LaTeX manual or LaTeX Companion for explanation.
Type  H <return>  for immediate help.
 ...                                              
                                                  
l.1 \subsection{–¶–µ–ª—å –≤—ã–ø–æ
                                 –ª–Ω–µ–Ω–∏—è –¥–æ–º–∞—à–Ω–µ–≥–æ –∑–∞–¥–∞–Ω–...

You may provide a definition with
\DeclareUnicodeCharacter 


! LaTeX Error: Unicode character –ª (U+043B)
               not set up for use with LaTeX.

See the LaTeX manual or LaTeX Companion for explanation.
Type  H <return>  for immediate help.
 ...                                              
                                                  
l.1 \subsection{–¶–µ–ª—å –≤—ã–ø–æ–ª
                                   –Ω–µ–Ω–∏—è –¥–æ–º–∞—à–Ω–µ–≥–æ –∑–∞–¥–∞–Ω–...

You may provide a definition with
\DeclareUnicodeCharacter 


! LaTeX Error: Unicode character –Ω (U+043D)
               not set up for use with LaTeX.

See the LaTeX manual or LaTeX Companion for explanation.
Type  H <return>  for immediate help.
 ...                                              
                                                  
l.1 \subsection{–¶–µ–ª—å –≤—ã–ø–æ–ª–Ω
                                     –µ–Ω–∏—è –¥–æ–º–∞—à–Ω–µ–≥–æ –∑–∞–¥–∞–Ω–...

You may provide a definition with
\DeclareUnicodeCharacter 


! LaTeX Error: Unicode character –µ (U+0435)
               not set up for use with LaTeX.

See the LaTeX manual or LaTeX Companion for explanation.
Type  H <return>  for immediate help.
 ...                                              
                                                  
l.1 \subsection{–¶–µ–ª—å –≤—ã–ø–æ–ª–Ω–µ
                                       –Ω–∏—è –¥–æ–º–∞—à–Ω–µ–≥–æ –∑–∞–¥–∞–Ω–...

You may provide a definition with
\DeclareUnicodeCharacter 


! LaTeX Error: Unicode character –Ω (U+043D)
               not set up for use with LaTeX.

See the LaTeX manual or LaTeX Companion for explanation.
Type  H <return>  for immediate help.
 ...                                              
                                                  
l.1 \subsection{–¶–µ–ª—å –≤—ã–ø–æ–ª–Ω–µ–Ω
                                         –∏—è –¥–æ–º–∞—à–Ω–µ–≥–æ –∑–∞–¥–∞–Ω–...

You may provide a definition with
\DeclareUnicodeCharacter 


! LaTeX Error: Unicode character –∏ (U+0438)
               not set up for use with LaTeX.

See the LaTeX manual or LaTeX Companion for explanation.
Type  H <return>  for immediate help.
 ...                                              
                                                  
l.1 \subsection{–¶–µ–ª—å –≤—ã–ø–æ–ª–Ω–µ–Ω–∏
                                           —è –¥–æ–º–∞—à–Ω–µ–≥–æ –∑–∞–¥–∞–Ω–...

You may provide a definition with
\DeclareUnicodeCharacter 


! LaTeX Error: Unicode character —è (U+044F)
               not set up for use with LaTeX.

See the LaTeX manual or LaTeX Companion for explanation.
Type  H <return>  for immediate help.
 ...                                              
                                                  
l.1 \subsection{–¶–µ–ª—å –≤—ã–ø–æ–ª–Ω–µ–Ω–∏—è
                                              –¥–æ–º–∞—à–Ω–µ–≥–æ –∑–∞–¥–∞–Ω–...

You may provide a definition with
\DeclareUnicodeCharacter 


! LaTeX Error: Unicode character –¥ (U+0434)
               not set up for use with LaTeX.

See the LaTeX manual or LaTeX Companion for explanation.
Type  H <return>  for immediate help.
 ...                                              
                                                  
l.1 \subsection{–¶–µ–ª—å –≤—ã–ø–æ–ª–Ω–µ–Ω–∏—è –¥
                                                –æ–º–∞—à–Ω–µ–≥–æ –∑–∞–¥–∞–Ω–...

You may provide a definition with
\DeclareUnicodeCharacter 


! LaTeX Error: Unicode character –æ (U+043E)
               not set up for use with LaTeX.

See the LaTeX manual or LaTeX Companion for explanation.
Type  H <return>  for immediate help.
 ...                                              
                                                  
l.1 \subsection{–¶–µ–ª—å –≤—ã–ø–æ–ª–Ω–µ–Ω–∏—è –¥–æ
                                                  –º–∞—à–Ω–µ–≥–æ –∑–∞–¥–∞–Ω–...

You may provide a definition with
\DeclareUnicodeCharacter 


! LaTeX Error: Unicode character –º (U+043C)
               not set up for use with LaTeX.

See the LaTeX manual or LaTeX Companion for explanation.
Type  H <return>  for immediate help.
 ...                                              
                                                  
l.1 ...ection{–¶–µ–ª—å –≤—ã–ø–æ–ª–Ω–µ–Ω–∏—è –¥–æ–º
                                                  –∞—à–Ω–µ–≥–æ –∑–∞–¥–∞–Ω–∏—...

You may provide a definition with
\DeclareUnicodeCharacter 


! LaTeX Error: Unicode character –∞ (U+0430)
               not set up for use with LaTeX.

See the LaTeX manual or LaTeX Companion for explanation.
Type  H <return>  for immediate help.
 ...                                              
                                                  
l.1 ...tion{–¶–µ–ª—å –≤—ã–ø–æ–ª–Ω–µ–Ω–∏—è –¥–æ–º–∞
                                                  —à–Ω–µ–≥–æ –∑–∞–¥–∞–Ω–∏—è}...

You may provide a definition with
\DeclareUnicodeCharacter 


! LaTeX Error: Unicode character —à (U+0448)
               not set up for use with LaTeX.

See the LaTeX manual or LaTeX Companion for explanation.
Type  H <return>  for immediate help.
 ...                                              
                                                  
l.1 ...on{–¶–µ–ª—å –≤—ã–ø–æ–ª–Ω–µ–Ω–∏—è –¥–æ–º–∞—à
                                                  –Ω–µ–≥–æ –∑–∞–¥–∞–Ω–∏—è}\l...

You may provide a definition with
\DeclareUnicodeCharacter 


! LaTeX Error: Unicode character –Ω (U+043D)
               not set up for use with LaTeX.

See the LaTeX manual or LaTeX Companion for explanation.
Type  H <return>  for immediate help.
 ...                                              
                                                  
l.1 ...{–¶–µ–ª—å –≤—ã–ø–æ–ª–Ω–µ–Ω–∏—è –¥–æ–º–∞—à–Ω
                                                  –µ–≥–æ –∑–∞–¥–∞–Ω–∏—è}\lab...

You may provide a definition with
\DeclareUnicodeCharacter 


! LaTeX Error: Unicode character –µ (U+0435)
               not set up for use with LaTeX.

See the LaTeX manual or LaTeX Companion for explanation.
Type  H <return>  for immediate help.
 ...                                              
                                                  
l.1 ...¶–µ–ª—å –≤—ã–ø–æ–ª–Ω–µ–Ω–∏—è –¥–æ–º–∞—à–Ω–µ
                                                  –≥–æ –∑–∞–¥–∞–Ω–∏—è}\label...

You may provide a definition with
\DeclareUnicodeCharacter 


! LaTeX Error: Unicode character –≥ (U+0433)
               not set up for use with LaTeX.

See the LaTeX manual or LaTeX Companion for explanation.
Type  H <return>  for immediate help.
 ...                                              
                                                  
l.1 ...µ–ª—å –≤—ã–ø–æ–ª–Ω–µ–Ω–∏—è –¥–æ–º–∞—à–Ω–µ–≥
                                                  –æ –∑–∞–¥–∞–Ω–∏—è}\label{b...

You may provide a definition with
\DeclareUnicodeCharacter 


! LaTeX Error: Unicode character –æ (U+043E)
               not set up for use with LaTeX.

See the LaTeX manual or LaTeX Companion for explanation.
Type  H <return>  for immediate help.
 ...                                              
                                                  
l.1 ...ª—å –≤—ã–ø–æ–ª–Ω–µ–Ω–∏—è –¥–æ–º–∞—à–Ω–µ–≥–æ
                                                   –∑–∞–¥–∞–Ω–∏—è}\label{blo...

You may provide a definition with
\DeclareUnicodeCharacter 


! LaTeX Error: Unicode character –∑ (U+0437)
               not set up for use with LaTeX.

See the LaTeX manual or LaTeX Companion for explanation.
Type  H <return>  for immediate help.
 ...                                              
                                                  
l.1 ... –≤—ã–ø–æ–ª–Ω–µ–Ω–∏—è –¥–æ–º–∞—à–Ω–µ–≥–æ –∑
                                                  –∞–¥–∞–Ω–∏—è}\label{blockN...

You may provide a definition with
\DeclareUnicodeCharacter 


! LaTeX Error: Unicode character –∞ (U+0430)
               not set up for use with LaTeX.

See the LaTeX manual or LaTeX Companion for explanation.
Type  H <return>  for immediate help.
 ...                                              
                                                  
l.1 ...≤—ã–ø–æ–ª–Ω–µ–Ω–∏—è –¥–æ–º–∞—à–Ω–µ–≥–æ –∑–∞
                                                  –¥–∞–Ω–∏—è}\label{blockN.V...

You may provide a definition with
\DeclareUnicodeCharacter 


! LaTeX Error: Unicode character –¥ (U+0434)
               not set up for use with LaTeX.

See the LaTeX manual or LaTeX Companion for explanation.
Type  H <return>  for immediate help.
 ...                                              
                                                  
l.1 ...ã–ø–æ–ª–Ω–µ–Ω–∏—è –¥–æ–º–∞—à–Ω–µ–≥–æ –∑–∞–¥
                                                  –∞–Ω–∏—è}\label{blockN.Var...

You may provide a definition with
\DeclareUnicodeCharacter 


! LaTeX Error: Unicode character –∞ (U+0430)
               not set up for use with LaTeX.

See the LaTeX manual or LaTeX Companion for explanation.
Type  H <return>  for immediate help.
 ...                                              
                                                  
l.1 ...ø–æ–ª–Ω–µ–Ω–∏—è –¥–æ–º–∞—à–Ω–µ–≥–æ –∑–∞–¥–∞
                                                  –Ω–∏—è}\label{blockN.Varia...

You may provide a definition with
\DeclareUnicodeCharacter 


! LaTeX Error: Unicode character –Ω (U+043D)
               not set up for use with LaTeX.

See the LaTeX manual or LaTeX Companion for explanation.
Type  H <return>  for immediate help.
 ...                                              
                                                  
l.1 ...æ–ª–Ω–µ–Ω–∏—è –¥–æ–º–∞—à–Ω–µ–≥–æ –∑–∞–¥–∞–Ω
                                                  –∏—è}\label{blockN.VariantM}
You may provide a definition with
\DeclareUnicodeCharacter 


! LaTeX Error: Unicode character –∏ (U+0438)
               not set up for use with LaTeX.

See the LaTeX manual or LaTeX Companion for explanation.
Type  H <return>  for immediate help.
 ...                                              
                                                  
l.1 ...ª–Ω–µ–Ω–∏—è –¥–æ–º–∞—à–Ω–µ–≥–æ –∑–∞–¥–∞–Ω–∏
                                                  —è}\label{blockN.VariantM}
You may provide a definition with
\DeclareUnicodeCharacter 


! LaTeX Error: Unicode character —è (U+044F)
               not set up for use with LaTeX.

See the LaTeX manual or LaTeX Companion for explanation.
Type  H <return>  for immediate help.
 ...                                              
                                                  
l.1 ...Ω–µ–Ω–∏—è –¥–æ–º–∞—à–Ω–µ–≥–æ –∑–∞–¥–∞–Ω–∏—è
                                                  }\label{blockN.VariantM}
You may provide a definition with
\DeclareUnicodeCharacter 


! LaTeX Error: Missing \begin{document}.

See the LaTeX manual or LaTeX Companion for explanation.
Type  H <return>  for immediate help.
 ...                                              
                                                  
l.2 ...µ–Ω–∏—è –¥–æ–º–∞—à–Ω–µ–≥–æ –∑–∞–¥–∞–Ω–∏—è }
                                                  -- \GoalOfResearch
You're in trouble here.  Try typing  <return>  to proceed.
If that doesn't work, type  X <return>  to quit.


! LaTeX Error: Unicode character –¶ (U+0426)
               not set up for use with LaTeX.

See the LaTeX manual or LaTeX Companion for explanation.
Type  H <return>  for immediate help.
 ...                                              
                                                  
l.2 ...µ–Ω–∏—è –¥–æ–º–∞—à–Ω–µ–≥–æ –∑–∞–¥–∞–Ω–∏—è }
                                                  -- \GoalOfResearch
You may provide a definition with
\DeclareUnicodeCharacter 


! LaTeX Error: Unicode character –µ (U+0435)
               not set up for use with LaTeX.

See the LaTeX manual or LaTeX Companion for explanation.
Type  H <return>  for immediate help.
 ...                                              
                                                  
l.2 ...µ–Ω–∏—è –¥–æ–º–∞—à–Ω–µ–≥–æ –∑–∞–¥–∞–Ω–∏—è }
                                                  -- \GoalOfResearch
You may provide a definition with
\DeclareUnicodeCharacter 


! LaTeX Error: Unicode character –ª (U+043B)
               not set up for use with LaTeX.

See the LaTeX manual or LaTeX Companion for explanation.
Type  H <return>  for immediate help.
 ...                                              
                                                  
l.2 ...µ–Ω–∏—è –¥–æ–º–∞—à–Ω–µ–≥–æ –∑–∞–¥–∞–Ω–∏—è }
                                                  -- \GoalOfResearch
You may provide a definition with
\DeclareUnicodeCharacter 


! LaTeX Error: Unicode character —å (U+044C)
               not set up for use with LaTeX.

See the LaTeX manual or LaTeX Companion for explanation.
Type  H <return>  for immediate help.
 ...                                              
                                                  
l.2 ...µ–Ω–∏—è –¥–æ–º–∞—à–Ω–µ–≥–æ –∑–∞–¥–∞–Ω–∏—è }
                                                  -- \GoalOfResearch
You may provide a definition with
\DeclareUnicodeCharacter 


! LaTeX Error: Unicode character –≤ (U+0432)
               not set up for use with LaTeX.

See the LaTeX manual or LaTeX Companion for explanation.
Type  H <return>  for immediate help.
 ...                                              
                                                  
l.2 ...µ–Ω–∏—è –¥–æ–º–∞—à–Ω–µ–≥–æ –∑–∞–¥–∞–Ω–∏—è }
                                                  -- \GoalOfResearch
You may provide a definition with
\DeclareUnicodeCharacter 


! LaTeX Error: Unicode character —ã (U+044B)
               not set up for use with LaTeX.

See the LaTeX manual or LaTeX Companion for explanation.
Type  H <return>  for immediate help.
 ...                                              
                                                  
l.2 ...µ–Ω–∏—è –¥–æ–º–∞—à–Ω–µ–≥–æ –∑–∞–¥–∞–Ω–∏—è }
                                                  -- \GoalOfResearch
You may provide a definition with
\DeclareUnicodeCharacter 


! LaTeX Error: Unicode character –ø (U+043F)
               not set up for use with LaTeX.

See the LaTeX manual or LaTeX Companion for explanation.
Type  H <return>  for immediate help.
 ...                                              
                                                  
l.2 ...µ–Ω–∏—è –¥–æ–º–∞—à–Ω–µ–≥–æ –∑–∞–¥–∞–Ω–∏—è }
                                                  -- \GoalOfResearch
You may provide a definition with
\DeclareUnicodeCharacter 


! LaTeX Error: Unicode character –æ (U+043E)
               not set up for use with LaTeX.

See the LaTeX manual or LaTeX Companion for explanation.
Type  H <return>  for immediate help.
 ...                                              
                                                  
l.2 ...µ–Ω–∏—è –¥–æ–º–∞—à–Ω–µ–≥–æ –∑–∞–¥–∞–Ω–∏—è }
                                                  -- \GoalOfResearch
You may provide a definition with
\DeclareUnicodeCharacter 


! LaTeX Error: Unicode character –ª (U+043B)
               not set up for use with LaTeX.

See the LaTeX manual or LaTeX Companion for explanation.
Type  H <return>  for immediate help.
 ...                                              
                                                  
l.2 ...µ–Ω–∏—è –¥–æ–º–∞—à–Ω–µ–≥–æ –∑–∞–¥–∞–Ω–∏—è }
                                                  -- \GoalOfResearch
You may provide a definition with
\DeclareUnicodeCharacter 


! LaTeX Error: Unicode character –Ω (U+043D)
               not set up for use with LaTeX.

See the LaTeX manual or LaTeX Companion for explanation.
Type  H <return>  for immediate help.
 ...                                              
                                                  
l.2 ...µ–Ω–∏—è –¥–æ–º–∞—à–Ω–µ–≥–æ –∑–∞–¥–∞–Ω–∏—è }
                                                  -- \GoalOfResearch
You may provide a definition with
\DeclareUnicodeCharacter 


! LaTeX Error: Unicode character –µ (U+0435)
               not set up for use with LaTeX.

See the LaTeX manual or LaTeX Companion for explanation.
Type  H <return>  for immediate help.
 ...                                              
                                                  
l.2 ...µ–Ω–∏—è –¥–æ–º–∞—à–Ω–µ–≥–æ –∑–∞–¥–∞–Ω–∏—è }
                                                  -- \GoalOfResearch
You may provide a definition with
\DeclareUnicodeCharacter 


! LaTeX Error: Unicode character –Ω (U+043D)
               not set up for use with LaTeX.

See the LaTeX manual or LaTeX Companion for explanation.
Type  H <return>  for immediate help.
 ...                                              
                                                  
l.2 ...µ–Ω–∏—è –¥–æ–º–∞—à–Ω–µ–≥–æ –∑–∞–¥–∞–Ω–∏—è }
                                                  -- \GoalOfResearch
You may provide a definition with
\DeclareUnicodeCharacter 


! LaTeX Error: Unicode character –∏ (U+0438)
               not set up for use with LaTeX.

See the LaTeX manual or LaTeX Companion for explanation.
Type  H <return>  for immediate help.
 ...                                              
                                                  
l.2 ...µ–Ω–∏—è –¥–æ–º–∞—à–Ω–µ–≥–æ –∑–∞–¥–∞–Ω–∏—è }
                                                  -- \GoalOfResearch
You may provide a definition with
\DeclareUnicodeCharacter 


! LaTeX Error: Unicode character —è (U+044F)
               not set up for use with LaTeX.

See the LaTeX manual or LaTeX Companion for explanation.
Type  H <return>  for immediate help.
 ...                                              
                                                  
l.2 ...µ–Ω–∏—è –¥–æ–º–∞—à–Ω–µ–≥–æ –∑–∞–¥–∞–Ω–∏—è }
                                                  -- \GoalOfResearch
You may provide a definition with
\DeclareUnicodeCharacter 


! LaTeX Error: Unicode character –¥ (U+0434)
               not set up for use with LaTeX.

See the LaTeX manual or LaTeX Companion for explanation.
Type  H <return>  for immediate help.
 ...                                              
                                                  
l.2 ...µ–Ω–∏—è –¥–æ–º–∞—à–Ω–µ–≥–æ –∑–∞–¥–∞–Ω–∏—è }
                                                  -- \GoalOfResearch
You may provide a definition with
\DeclareUnicodeCharacter 


! LaTeX Error: Unicode character –æ (U+043E)
               not set up for use with LaTeX.

See the LaTeX manual or LaTeX Companion for explanation.
Type  H <return>  for immediate help.
 ...                                              
                                                  
l.2 ...µ–Ω–∏—è –¥–æ–º–∞—à–Ω–µ–≥–æ –∑–∞–¥–∞–Ω–∏—è }
                                                  -- \GoalOfResearch
You may provide a definition with
\DeclareUnicodeCharacter 


! LaTeX Error: Unicode character –º (U+043C)
               not set up for use with LaTeX.

See the LaTeX manual or LaTeX Companion for explanation.
Type  H <return>  for immediate help.
 ...                                              
                                                  
l.2 ...µ–Ω–∏—è –¥–æ–º–∞—à–Ω–µ–≥–æ –∑–∞–¥–∞–Ω–∏—è }
                                                  -- \GoalOfResearch
You may provide a definition with
\DeclareUnicodeCharacter 


! LaTeX Error: Unicode character –∞ (U+0430)
               not set up for use with LaTeX.

See the LaTeX manual or LaTeX Companion for explanation.
Type  H <return>  for immediate help.
 ...                                              
                                                  
l.2 ...µ–Ω–∏—è –¥–æ–º–∞—à–Ω–µ–≥–æ –∑–∞–¥–∞–Ω–∏—è }
                                                  -- \GoalOfResearch
You may provide a definition with
\DeclareUnicodeCharacter 


! LaTeX Error: Unicode character —à (U+0448)
               not set up for use with LaTeX.

See the LaTeX manual or LaTeX Companion for explanation.
Type  H <return>  for immediate help.
 ...                                              
                                                  
l.2 ...µ–Ω–∏—è –¥–æ–º–∞—à–Ω–µ–≥–æ –∑–∞–¥–∞–Ω–∏—è }
                                                  -- \GoalOfResearch
You may provide a definition with
\DeclareUnicodeCharacter 


! LaTeX Error: Unicode character –Ω (U+043D)
               not set up for use with LaTeX.

See the LaTeX manual or LaTeX Companion for explanation.
Type  H <return>  for immediate help.
 ...                                              
                                                  
l.2 ...µ–Ω–∏—è –¥–æ–º–∞—à–Ω–µ–≥–æ –∑–∞–¥–∞–Ω–∏—è }
                                                  -- \GoalOfResearch
You may provide a definition with
\DeclareUnicodeCharacter 


! LaTeX Error: Unicode character –µ (U+0435)
               not set up for use with LaTeX.

See the LaTeX manual or LaTeX Companion for explanation.
Type  H <return>  for immediate help.
 ...                                              
                                                  
l.2 ...µ–Ω–∏—è –¥–æ–º–∞—à–Ω–µ–≥–æ –∑–∞–¥–∞–Ω–∏—è }
                                                  -- \GoalOfResearch
You may provide a definition with
\DeclareUnicodeCharacter 


! LaTeX Error: Unicode character –≥ (U+0433)
               not set up for use with LaTeX.

See the LaTeX manual or LaTeX Companion for explanation.
Type  H <return>  for immediate help.
 ...                                              
                                                  
l.2 ...µ–Ω–∏—è –¥–æ–º–∞—à–Ω–µ–≥–æ –∑–∞–¥–∞–Ω–∏—è }
                                                  -- \GoalOfResearch
You may provide a definition with
\DeclareUnicodeCharacter 


! LaTeX Error: Unicode character –æ (U+043E)
               not set up for use with LaTeX.

See the LaTeX manual or LaTeX Companion for explanation.
Type  H <return>  for immediate help.
 ...                                              
                                                  
l.2 ...µ–Ω–∏—è –¥–æ–º–∞—à–Ω–µ–≥–æ –∑–∞–¥–∞–Ω–∏—è }
                                                  -- \GoalOfResearch
You may provide a definition with
\DeclareUnicodeCharacter 


! LaTeX Error: Unicode character –∑ (U+0437)
               not set up for use with LaTeX.

See the LaTeX manual or LaTeX Companion for explanation.
Type  H <return>  for immediate help.
 ...                                              
                                                  
l.2 ...µ–Ω–∏—è –¥–æ–º–∞—à–Ω–µ–≥–æ –∑–∞–¥–∞–Ω–∏—è }
                                                  -- \GoalOfResearch
You may provide a definition with
\DeclareUnicodeCharacter 


! LaTeX Error: Unicode character –∞ (U+0430)
               not set up for use with LaTeX.

See the LaTeX manual or LaTeX Companion for explanation.
Type  H <return>  for immediate help.
 ...                                              
                                                  
l.2 ...µ–Ω–∏—è –¥–æ–º–∞—à–Ω–µ–≥–æ –∑–∞–¥–∞–Ω–∏—è }
                                                  -- \GoalOfResearch
You may provide a definition with
\DeclareUnicodeCharacter 


! LaTeX Error: Unicode character –¥ (U+0434)
               not set up for use with LaTeX.

See the LaTeX manual or LaTeX Companion for explanation.
Type  H <return>  for immediate help.
 ...                                              
                                                  
l.2 ...µ–Ω–∏—è –¥–æ–º–∞—à–Ω–µ–≥–æ –∑–∞–¥–∞–Ω–∏—è }
                                                  -- \GoalOfResearch
You may provide a definition with
\DeclareUnicodeCharacter 


! LaTeX Error: Unicode character –∞ (U+0430)
               not set up for use with LaTeX.

See the LaTeX manual or LaTeX Companion for explanation.
Type  H <return>  for immediate help.
 ...                                              
                                                  
l.2 ...µ–Ω–∏—è –¥–æ–º–∞—à–Ω–µ–≥–æ –∑–∞–¥–∞–Ω–∏—è }
                                                  -- \GoalOfResearch
You may provide a definition with
\DeclareUnicodeCharacter 


! LaTeX Error: Unicode character –Ω (U+043D)
               not set up for use with LaTeX.

See the LaTeX manual or LaTeX Companion for explanation.
Type  H <return>  for immediate help.
 ...                                              
                                                  
l.2 ...µ–Ω–∏—è –¥–æ–º–∞—à–Ω–µ–≥–æ –∑–∞–¥–∞–Ω–∏—è }
                                                  -- \GoalOfResearch
You may provide a definition with
\DeclareUnicodeCharacter 


! LaTeX Error: Unicode character –∏ (U+0438)
               not set up for use with LaTeX.

See the LaTeX manual or LaTeX Companion for explanation.
Type  H <return>  for immediate help.
 ...                                              
                                                  
l.2 ...µ–Ω–∏—è –¥–æ–º–∞—à–Ω–µ–≥–æ –∑–∞–¥–∞–Ω–∏—è }
                                                  -- \GoalOfResearch
You may provide a definition with
\DeclareUnicodeCharacter 


! LaTeX Error: Unicode character —è (U+044F)
               not set up for use with LaTeX.

See the LaTeX manual or LaTeX Companion for explanation.
Type  H <return>  for immediate help.
 ...                                              
                                                  
l.2 ...µ–Ω–∏—è –¥–æ–º–∞—à–Ω–µ–≥–æ –∑–∞–¥–∞–Ω–∏—è }
                                                  -- \GoalOfResearch
You may provide a definition with
\DeclareUnicodeCharacter 

Missing character: There is no - in font nullfont!
Missing character: There is no - in font nullfont!
! Undefined control sequence.
l.2 ...–Ω–µ–≥–æ –∑–∞–¥–∞–Ω–∏—è }-- \GoalOfResearch
                                                  
The control sequence at the end of the top line
of your error message was never \def'ed. If you have
misspelled it (e.g., `\hobx'), type `I' and the correct
spelling (e.g., `I\hbox'). Otherwise just continue,
and I'll forget about whatever was undefined.


Overfull \hbox (20.0pt too wide) in paragraph at lines 2--3
[]
 []

! Undefined control sequence.
l.5 \subsection
               {–ó–∞–¥–∞–Ω–∏–µ}
The control sequence at the end of the top line
of your error message was never \def'ed. If you have
misspelled it (e.g., `\hobx'), type `I' and the correct
spelling (e.g., `I\hbox'). Otherwise just continue,
and I'll forget about whatever was undefined.


! LaTeX Error: Unicode character –ó (U+0417)
               not set up for use with LaTeX.

See the LaTeX manual or LaTeX Companion for explanation.
Type  H <return>  for immediate help.
 ...                                              
                                                  
l.5 \subsection{–ó
                  –∞–¥–∞–Ω–∏–µ}
You may provide a definition with
\DeclareUnicodeCharacter 


! LaTeX Error: Unicode character –∞ (U+0430)
               not set up for use with LaTeX.

See the LaTeX manual or LaTeX Companion for explanation.
Type  H <return>  for immediate help.
 ...                                              
                                                  
l.5 \subsection{–ó–∞
                    –¥–∞–Ω–∏–µ}
You may provide a definition with
\DeclareUnicodeCharacter 


! LaTeX Error: Unicode character –¥ (U+0434)
               not set up for use with LaTeX.

See the LaTeX manual or LaTeX Companion for explanation.
Type  H <return>  for immediate help.
 ...                                              
                                                  
l.5 \subsection{–ó–∞–¥
                      –∞–Ω–∏–µ}
You may provide a definition with
\DeclareUnicodeCharacter 


! LaTeX Error: Unicode character –∞ (U+0430)
               not set up for use with LaTeX.

See the LaTeX manual or LaTeX Companion for explanation.
Type  H <return>  for immediate help.
 ...                                              
                                                  
l.5 \subsection{–ó–∞–¥–∞
                        –Ω–∏–µ}
You may provide a definition with
\DeclareUnicodeCharacter 


! LaTeX Error: Unicode character –Ω (U+043D)
               not set up for use with LaTeX.

See the LaTeX manual or LaTeX Companion for explanation.
Type  H <return>  for immediate help.
 ...                                              
                                                  
l.5 \subsection{–ó–∞–¥–∞–Ω
                          –∏–µ}
You may provide a definition with
\DeclareUnicodeCharacter 


! LaTeX Error: Unicode character –∏ (U+0438)
               not set up for use with LaTeX.

See the LaTeX manual or LaTeX Companion for explanation.
Type  H <return>  for immediate help.
 ...                                              
                                                  
l.5 \subsection{–ó–∞–¥–∞–Ω–∏
                            –µ}
You may provide a definition with
\DeclareUnicodeCharacter 


! LaTeX Error: Unicode character –µ (U+0435)
               not set up for use with LaTeX.

See the LaTeX manual or LaTeX Companion for explanation.
Type  H <return>  for immediate help.
 ...                                              
                                                  
l.5 \subsection{–ó–∞–¥–∞–Ω–∏–µ
                              }
You may provide a definition with
\DeclareUnicodeCharacter 


! LaTeX Error: Unicode character –† (U+0420)
               not set up for use with LaTeX.

See the LaTeX manual or LaTeX Companion for explanation.
Type  H <return>  for immediate help.
 ...                                              
                                                  
l.6 –†
      –∞—Å—Å–º–∞—Ç—Ä–∏–≤–∞–µ—Ç—Å—è —Å–∏—Å—Ç–µ–º–∞, –∞–Ω–∞–ª–æ–≥–∏—á–Ω–∞—è –∑...

You may provide a definition with
\DeclareUnicodeCharacter 


! LaTeX Error: Unicode character –∞ (U+0430)
               not set up for use with LaTeX.

See the LaTeX manual or LaTeX Companion for explanation.
Type  H <return>  for immediate help.
 ...                                              
                                                  
l.6 –†–∞
        —Å—Å–º–∞—Ç—Ä–∏–≤–∞–µ—Ç—Å—è —Å–∏—Å—Ç–µ–º–∞, –∞–Ω–∞–ª–æ–≥–∏—á–Ω–∞—è –∑...

You may provide a definition with
\DeclareUnicodeCharacter 


! LaTeX Error: Unicode character —Å (U+0441)
               not set up for use with LaTeX.

See the LaTeX manual or LaTeX Companion for explanation.
Type  H <return>  for immediate help.
 ...                                              
                                                  
l.6 –†–∞—Å
          —Å–º–∞—Ç—Ä–∏–≤–∞–µ—Ç—Å—è —Å–∏—Å—Ç–µ–º–∞, –∞–Ω–∞–ª–æ–≥–∏—á–Ω–∞—è –∑...

You may provide a definition with
\DeclareUnicodeCharacter 


! LaTeX Error: Unicode character —Å (U+0441)
               not set up for use with LaTeX.

See the LaTeX manual or LaTeX Companion for explanation.
Type  H <return>  for immediate help.
 ...                                              
                                                  
l.6 –†–∞—Å—Å
            –º–∞—Ç—Ä–∏–≤–∞–µ—Ç—Å—è —Å–∏—Å—Ç–µ–º–∞, –∞–Ω–∞–ª–æ–≥–∏—á–Ω–∞—è –∑...

You may provide a definition with
\DeclareUnicodeCharacter 


! LaTeX Error: Unicode character –º (U+043C)
               not set up for use with LaTeX.

See the LaTeX manual or LaTeX Companion for explanation.
Type  H <return>  for immediate help.
 ...                                              
                                                  
l.6 –†–∞—Å—Å–º
              –∞—Ç—Ä–∏–≤–∞–µ—Ç—Å—è —Å–∏—Å—Ç–µ–º–∞, –∞–Ω–∞–ª–æ–≥–∏—á–Ω–∞—è –∑...

You may provide a definition with
\DeclareUnicodeCharacter 


! LaTeX Error: Unicode character –∞ (U+0430)
               not set up for use with LaTeX.

See the LaTeX manual or LaTeX Companion for explanation.
Type  H <return>  for immediate help.
 ...                                              
                                                  
l.6 –†–∞—Å—Å–º–∞
                —Ç—Ä–∏–≤–∞–µ—Ç—Å—è —Å–∏—Å—Ç–µ–º–∞, –∞–Ω–∞–ª–æ–≥–∏—á–Ω–∞—è –∑...

You may provide a definition with
\DeclareUnicodeCharacter 


! LaTeX Error: Unicode character —Ç (U+0442)
               not set up for use with LaTeX.

See the LaTeX manual or LaTeX Companion for explanation.
Type  H <return>  for immediate help.
 ...                                              
                                                  
l.6 –†–∞—Å—Å–º–∞—Ç
                  —Ä–∏–≤–∞–µ—Ç—Å—è —Å–∏—Å—Ç–µ–º–∞, –∞–Ω–∞–ª–æ–≥–∏—á–Ω–∞—è –∑...

You may provide a definition with
\DeclareUnicodeCharacter 


! LaTeX Error: Unicode character —Ä (U+0440)
               not set up for use with LaTeX.

See the LaTeX manual or LaTeX Companion for explanation.
Type  H <return>  for immediate help.
 ...                                              
                                                  
l.6 –†–∞—Å—Å–º–∞—Ç—Ä
                    –∏–≤–∞–µ—Ç—Å—è —Å–∏—Å—Ç–µ–º–∞, –∞–Ω–∞–ª–æ–≥–∏—á–Ω–∞—è –∑...

You may provide a definition with
\DeclareUnicodeCharacter 


! LaTeX Error: Unicode character –∏ (U+0438)
               not set up for use with LaTeX.

See the LaTeX manual or LaTeX Companion for explanation.
Type  H <return>  for immediate help.
 ...                                              
                                                  
l.6 –†–∞—Å—Å–º–∞—Ç—Ä–∏
                      –≤–∞–µ—Ç—Å—è —Å–∏—Å—Ç–µ–º–∞, –∞–Ω–∞–ª–æ–≥–∏—á–Ω–∞—è –∑...

You may provide a definition with
\DeclareUnicodeCharacter 


! LaTeX Error: Unicode character –≤ (U+0432)
               not set up for use with LaTeX.

See the LaTeX manual or LaTeX Companion for explanation.
Type  H <return>  for immediate help.
 ...                                              
                                                  
l.6 –†–∞—Å—Å–º–∞—Ç—Ä–∏–≤
                        –∞–µ—Ç—Å—è —Å–∏—Å—Ç–µ–º–∞, –∞–Ω–∞–ª–æ–≥–∏—á–Ω–∞—è –∑...

You may provide a definition with
\DeclareUnicodeCharacter 


! LaTeX Error: Unicode character –∞ (U+0430)
               not set up for use with LaTeX.

See the LaTeX manual or LaTeX Companion for explanation.
Type  H <return>  for immediate help.
 ...                                              
                                                  
l.6 –†–∞—Å—Å–º–∞—Ç—Ä–∏–≤–∞
                          –µ—Ç—Å—è —Å–∏—Å—Ç–µ–º–∞, –∞–Ω–∞–ª–æ–≥–∏—á–Ω–∞—è –∑...

You may provide a definition with
\DeclareUnicodeCharacter 


! LaTeX Error: Unicode character –µ (U+0435)
               not set up for use with LaTeX.

See the LaTeX manual or LaTeX Companion for explanation.
Type  H <return>  for immediate help.
 ...                                              
                                                  
l.6 –†–∞—Å—Å–º–∞—Ç—Ä–∏–≤–∞–µ
                            —Ç—Å—è —Å–∏—Å—Ç–µ–º–∞, –∞–Ω–∞–ª–æ–≥–∏—á–Ω–∞—è –∑...

You may provide a definition with
\DeclareUnicodeCharacter 


! LaTeX Error: Unicode character —Ç (U+0442)
               not set up for use with LaTeX.

See the LaTeX manual or LaTeX Companion for explanation.
Type  H <return>  for immediate help.
 ...                                              
                                                  
l.6 –†–∞—Å—Å–º–∞—Ç—Ä–∏–≤–∞–µ—Ç
                              —Å—è —Å–∏—Å—Ç–µ–º–∞, –∞–Ω–∞–ª–æ–≥–∏—á–Ω–∞—è –∑...

You may provide a definition with
\DeclareUnicodeCharacter 


! LaTeX Error: Unicode character —Å (U+0441)
               not set up for use with LaTeX.

See the LaTeX manual or LaTeX Companion for explanation.
Type  H <return>  for immediate help.
 ...                                              
                                                  
l.6 –†–∞—Å—Å–º–∞—Ç—Ä–∏–≤–∞–µ—Ç—Å
                                —è —Å–∏—Å—Ç–µ–º–∞, –∞–Ω–∞–ª–æ–≥–∏—á–Ω–∞—è –∑...

You may provide a definition with
\DeclareUnicodeCharacter 


! LaTeX Error: Unicode character —è (U+044F)
               not set up for use with LaTeX.

See the LaTeX manual or LaTeX Companion for explanation.
Type  H <return>  for immediate help.
 ...                                              
                                                  
l.6 –†–∞—Å—Å–º–∞—Ç—Ä–∏–≤–∞–µ—Ç—Å—è
                                   —Å–∏—Å—Ç–µ–º–∞, –∞–Ω–∞–ª–æ–≥–∏—á–Ω–∞—è –∑...

You may provide a definition with
\DeclareUnicodeCharacter 


! LaTeX Error: Unicode character —Å (U+0441)
               not set up for use with LaTeX.

See the LaTeX manual or LaTeX Companion for explanation.
Type  H <return>  for immediate help.
 ...                                              
                                                  
l.6 –†–∞—Å—Å–º–∞—Ç—Ä–∏–≤–∞–µ—Ç—Å—è —Å
                                     –∏—Å—Ç–µ–º–∞, –∞–Ω–∞–ª–æ–≥–∏—á–Ω–∞—è –∑...

You may provide a definition with
\DeclareUnicodeCharacter 


! LaTeX Error: Unicode character –∏ (U+0438)
               not set up for use with LaTeX.

See the LaTeX manual or LaTeX Companion for explanation.
Type  H <return>  for immediate help.
 ...                                              
                                                  
l.6 –†–∞—Å—Å–º–∞—Ç—Ä–∏–≤–∞–µ—Ç—Å—è —Å–∏
                                       —Å—Ç–µ–º–∞, –∞–Ω–∞–ª–æ–≥–∏—á–Ω–∞—è –∑...

You may provide a definition with
\DeclareUnicodeCharacter 


! LaTeX Error: Unicode character —Å (U+0441)
               not set up for use with LaTeX.

See the LaTeX manual or LaTeX Companion for explanation.
Type  H <return>  for immediate help.
 ...                                              
                                                  
l.6 –†–∞—Å—Å–º–∞—Ç—Ä–∏–≤–∞–µ—Ç—Å—è —Å–∏—Å
                                         —Ç–µ–º–∞, –∞–Ω–∞–ª–æ–≥–∏—á–Ω–∞—è –∑...

You may provide a definition with
\DeclareUnicodeCharacter 


! LaTeX Error: Unicode character —Ç (U+0442)
               not set up for use with LaTeX.

See the LaTeX manual or LaTeX Companion for explanation.
Type  H <return>  for immediate help.
 ...                                              
                                                  
l.6 –†–∞—Å—Å–º–∞—Ç—Ä–∏–≤–∞–µ—Ç—Å—è —Å–∏—Å—Ç
                                           –µ–º–∞, –∞–Ω–∞–ª–æ–≥–∏—á–Ω–∞—è –∑...

You may provide a definition with
\DeclareUnicodeCharacter 


! LaTeX Error: Unicode character –µ (U+0435)
               not set up for use with LaTeX.

See the LaTeX manual or LaTeX Companion for explanation.
Type  H <return>  for immediate help.
 ...                                              
                                                  
l.6 –†–∞—Å—Å–º–∞—Ç—Ä–∏–≤–∞–µ—Ç—Å—è —Å–∏—Å—Ç–µ
                                             –º–∞, –∞–Ω–∞–ª–æ–≥–∏—á–Ω–∞—è –∑...

You may provide a definition with
\DeclareUnicodeCharacter 


! LaTeX Error: Unicode character –º (U+043C)
               not set up for use with LaTeX.

See the LaTeX manual or LaTeX Companion for explanation.
Type  H <return>  for immediate help.
 ...                                              
                                                  
l.6 –†–∞—Å—Å–º–∞—Ç—Ä–∏–≤–∞–µ—Ç—Å—è —Å–∏—Å—Ç–µ–º
                                               –∞, –∞–Ω–∞–ª–æ–≥–∏—á–Ω–∞—è –∑...

You may provide a definition with
\DeclareUnicodeCharacter 


! LaTeX Error: Unicode character –∞ (U+0430)
               not set up for use with LaTeX.

See the LaTeX manual or LaTeX Companion for explanation.
Type  H <return>  for immediate help.
 ...                                              
                                                  
l.6 –†–∞—Å—Å–º–∞—Ç—Ä–∏–≤–∞–µ—Ç—Å—è —Å–∏—Å—Ç–µ–º–∞
                                                 , –∞–Ω–∞–ª–æ–≥–∏—á–Ω–∞—è –∑...

You may provide a definition with
\DeclareUnicodeCharacter 


! LaTeX Error: Missing \begin{document}.

See the LaTeX manual or LaTeX Companion for explanation.
Type  H <return>  for immediate help.
 ...                                              
                                                  
l.6 –†–∞—Å—Å–º–∞—Ç—Ä–∏–≤–∞–µ—Ç—Å—è —Å–∏—Å—Ç–µ–º–∞,
                                                   –∞–Ω–∞–ª–æ–≥–∏—á–Ω–∞—è –∑...

You're in trouble here.  Try typing  <return>  to proceed.
If that doesn't work, type  X <return>  to quit.

Missing character: There is no , in font nullfont!

! LaTeX Error: Unicode character –∞ (U+0430)
               not set up for use with LaTeX.

See the LaTeX manual or LaTeX Companion for explanation.
Type  H <return>  for immediate help.
 ...                                              
                                                  
l.6 ...—Å–º–∞—Ç—Ä–∏–≤–∞–µ—Ç—Å—è —Å–∏—Å—Ç–µ–º–∞, –∞
                                                  –Ω–∞–ª–æ–≥–∏—á–Ω–∞—è –∑–∞–...

You may provide a definition with
\DeclareUnicodeCharacter 


! LaTeX Error: Unicode character –Ω (U+043D)
               not set up for use with LaTeX.

See the LaTeX manual or LaTeX Companion for explanation.
Type  H <return>  for immediate help.
 ...                                              
                                                  
l.6 ...–º–∞—Ç—Ä–∏–≤–∞–µ—Ç—Å—è —Å–∏—Å—Ç–µ–º–∞, –∞–Ω
                                                  –∞–ª–æ–≥–∏—á–Ω–∞—è –∑–∞–¥–...

You may provide a definition with
\DeclareUnicodeCharacter 


! LaTeX Error: Unicode character –∞ (U+0430)
               not set up for use with LaTeX.

See the LaTeX manual or LaTeX Companion for explanation.
Type  H <return>  for immediate help.
 ...                                              
                                                  
l.6 ...–∞—Ç—Ä–∏–≤–∞–µ—Ç—Å—è —Å–∏—Å—Ç–µ–º–∞, –∞–Ω–∞
                                                  –ª–æ–≥–∏—á–Ω–∞—è –∑–∞–¥–∞—...

You may provide a definition with
\DeclareUnicodeCharacter 


! LaTeX Error: Unicode character –ª (U+043B)
               not set up for use with LaTeX.

See the LaTeX manual or LaTeX Companion for explanation.
Type  H <return>  for immediate help.
 ...                                              
                                                  
l.6 ...—Ç—Ä–∏–≤–∞–µ—Ç—Å—è —Å–∏—Å—Ç–µ–º–∞, –∞–Ω–∞–ª
                                                  –æ–≥–∏—á–Ω–∞—è –∑–∞–¥–∞—á–...

You may provide a definition with
\DeclareUnicodeCharacter 


! LaTeX Error: Unicode character –æ (U+043E)
               not set up for use with LaTeX.

See the LaTeX manual or LaTeX Companion for explanation.
Type  H <return>  for immediate help.
 ...                                              
                                                  
l.6 ...—Ä–∏–≤–∞–µ—Ç—Å—è —Å–∏—Å—Ç–µ–º–∞, –∞–Ω–∞–ª–æ
                                                  –≥–∏—á–Ω–∞—è –∑–∞–¥–∞—á–µ ...

You may provide a definition with
\DeclareUnicodeCharacter 


! LaTeX Error: Unicode character –≥ (U+0433)
               not set up for use with LaTeX.

See the LaTeX manual or LaTeX Companion for explanation.
Type  H <return>  for immediate help.
 ...                                              
                                                  
l.6 ...–∏–≤–∞–µ—Ç—Å—è —Å–∏—Å—Ç–µ–º–∞, –∞–Ω–∞–ª–æ–≥
                                                  –∏—á–Ω–∞—è –∑–∞–¥–∞—á–µ $‚...

You may provide a definition with
\DeclareUnicodeCharacter 


! LaTeX Error: Unicode character –∏ (U+0438)
               not set up for use with LaTeX.

See the LaTeX manual or LaTeX Companion for explanation.
Type  H <return>  for immediate help.
 ...                                              
                                                  
l.6 ...–≤–∞–µ—Ç—Å—è —Å–∏—Å—Ç–µ–º–∞, –∞–Ω–∞–ª–æ–≥–∏
                                                  —á–Ω–∞—è –∑–∞–¥–∞—á–µ $‚Ññ...

You may provide a definition with
\DeclareUnicodeCharacter 


! LaTeX Error: Unicode character —á (U+0447)
               not set up for use with LaTeX.

See the LaTeX manual or LaTeX Companion for explanation.
Type  H <return>  for immediate help.
 ...                                              
                                                  
l.6 ...–∞–µ—Ç—Å—è —Å–∏—Å—Ç–µ–º–∞, –∞–Ω–∞–ª–æ–≥–∏—á
                                                  –Ω–∞—è –∑–∞–¥–∞—á–µ $‚Ññ3$...

You may provide a definition with
\DeclareUnicodeCharacter 


! LaTeX Error: Unicode character –Ω (U+043D)
               not set up for use with LaTeX.

See the LaTeX manual or LaTeX Companion for explanation.
Type  H <return>  for immediate help.
 ...                                              
                                                  
l.6 ...–µ—Ç—Å—è —Å–∏—Å—Ç–µ–º–∞, –∞–Ω–∞–ª–æ–≥–∏—á–Ω
                                                  –∞—è –∑–∞–¥–∞—á–µ $‚Ññ3$, ...

You may provide a definition with
\DeclareUnicodeCharacter 


! LaTeX Error: Unicode character –∞ (U+0430)
               not set up for use with LaTeX.

See the LaTeX manual or LaTeX Companion for explanation.
Type  H <return>  for immediate help.
 ...                                              
                                                  
l.6 ...—Ç—Å—è —Å–∏—Å—Ç–µ–º–∞, –∞–Ω–∞–ª–æ–≥–∏—á–Ω–∞
                                                  —è –∑–∞–¥–∞—á–µ $‚Ññ3$, –Ω...

You may provide a definition with
\DeclareUnicodeCharacter 


! LaTeX Error: Unicode character —è (U+044F)
               not set up for use with LaTeX.

See the LaTeX manual or LaTeX Companion for explanation.
Type  H <return>  for immediate help.
 ...                                              
                                                  
l.6 ...—Å—è —Å–∏—Å—Ç–µ–º–∞, –∞–Ω–∞–ª–æ–≥–∏—á–Ω–∞—è
                                                   –∑–∞–¥–∞—á–µ $‚Ññ3$, –Ω–æ...

You may provide a definition with
\DeclareUnicodeCharacter 


! LaTeX Error: Unicode character –∑ (U+0437)
               not set up for use with LaTeX.

See the LaTeX manual or LaTeX Companion for explanation.
Type  H <return>  for immediate help.
 ...                                              
                                                  
l.6 ...è —Å–∏—Å—Ç–µ–º–∞, –∞–Ω–∞–ª–æ–≥–∏—á–Ω–∞—è –∑
                                                  –∞–¥–∞—á–µ $‚Ññ3$, –Ω–æ –≤...

You may provide a definition with
\DeclareUnicodeCharacter 


! LaTeX Error: Unicode character –∞ (U+0430)
               not set up for use with LaTeX.

See the LaTeX manual or LaTeX Companion for explanation.
Type  H <return>  for immediate help.
 ...                                              
                                                  
l.6 ...—Å–∏—Å—Ç–µ–º–∞, –∞–Ω–∞–ª–æ–≥–∏—á–Ω–∞—è –∑–∞
                                                  –¥–∞—á–µ $‚Ññ3$, –Ω–æ –≤ –...

You may provide a definition with
\DeclareUnicodeCharacter 


! LaTeX Error: Unicode character –¥ (U+0434)
               not set up for use with LaTeX.

See the LaTeX manual or LaTeX Companion for explanation.
Type  H <return>  for immediate help.
 ...                                              
                                                  
l.6 ...–∏—Å—Ç–µ–º–∞, –∞–Ω–∞–ª–æ–≥–∏—á–Ω–∞—è –∑–∞–¥
                                                  –∞—á–µ $‚Ññ3$, –Ω–æ –≤ –∫–...

You may provide a definition with
\DeclareUnicodeCharacter 


! LaTeX Error: Unicode character –∞ (U+0430)
               not set up for use with LaTeX.

See the LaTeX manual or LaTeX Companion for explanation.
Type  H <return>  for immediate help.
 ...                                              
                                                  
l.6 ...—Å—Ç–µ–º–∞, –∞–Ω–∞–ª–æ–≥–∏—á–Ω–∞—è –∑–∞–¥–∞
                                                  —á–µ $‚Ññ3$, –Ω–æ –≤ –∫–æ—...

You may provide a definition with
\DeclareUnicodeCharacter 


! LaTeX Error: Unicode character —á (U+0447)
               not set up for use with LaTeX.

See the LaTeX manual or LaTeX Companion for explanation.
Type  H <return>  for immediate help.
 ...                                              
                                                  
l.6 ...—Ç–µ–º–∞, –∞–Ω–∞–ª–æ–≥–∏—á–Ω–∞—è –∑–∞–¥–∞—á
                                                  –µ $‚Ññ3$, –Ω–æ –≤ –∫–æ—Ç–...

You may provide a definition with
\DeclareUnicodeCharacter 


! LaTeX Error: Unicode character –µ (U+0435)
               not set up for use with LaTeX.

See the LaTeX manual or LaTeX Companion for explanation.
Type  H <return>  for immediate help.
 ...                                              
                                                  
l.6 ...–µ–º–∞, –∞–Ω–∞–ª–æ–≥–∏—á–Ω–∞—è –∑–∞–¥–∞—á–µ
                                                   $‚Ññ3$, –Ω–æ –≤ –∫–æ—Ç–æ—...

You may provide a definition with
\DeclareUnicodeCharacter 

LaTeX Font Info:    External font `cmex10' loaded for size
(Font)              <7> on input line 6.
LaTeX Font Info:    External font `cmex10' loaded for size
(Font)              <5> on input line 6.

LaTeX Warning: Command \textnumero invalid in math mode on input line 6.


LaTeX Warning: Command \textnumero invalid in math mode on input line 6.

Missing character: There is no õ in font cmr10!
Missing character: There is no , in font nullfont!

! LaTeX Error: Unicode character –Ω (U+043D)
               not set up for use with LaTeX.

See the LaTeX manual or LaTeX Companion for explanation.
Type  H <return>  for immediate help.
 ...                                              
                                                  
l.6 ...Ω–∞–ª–æ–≥–∏—á–Ω–∞—è –∑–∞–¥–∞—á–µ $‚Ññ3$, –Ω
                                                  –æ –≤ –∫–æ—Ç–æ—Ä–æ–π –≤–æ–...

You may provide a definition with
\DeclareUnicodeCharacter 


! LaTeX Error: Unicode character –æ (U+043E)
               not set up for use with LaTeX.

See the LaTeX manual or LaTeX Companion for explanation.
Type  H <return>  for immediate help.
 ...                                              
                                                  
l.6 ...∞–ª–æ–≥–∏—á–Ω–∞—è –∑–∞–¥–∞—á–µ $‚Ññ3$, –Ω–æ
                                                   –≤ –∫–æ—Ç–æ—Ä–æ–π –≤–æ–∑–...

You may provide a definition with
\DeclareUnicodeCharacter 


! LaTeX Error: Unicode character –≤ (U+0432)
               not set up for use with LaTeX.

See the LaTeX manual or LaTeX Companion for explanation.
Type  H <return>  for immediate help.
 ...                                              
                                                  
l.6 ...–æ–≥–∏—á–Ω–∞—è –∑–∞–¥–∞—á–µ $‚Ññ3$, –Ω–æ –≤
                                                   –∫–æ—Ç–æ—Ä–æ–π –≤–æ–∑–º–æ...

You may provide a definition with
\DeclareUnicodeCharacter 


! LaTeX Error: Unicode character –∫ (U+043A)
               not set up for use with LaTeX.

See the LaTeX manual or LaTeX Companion for explanation.
Type  H <return>  for immediate help.
 ...                                              
                                                  
l.6 ...≥–∏—á–Ω–∞—è –∑–∞–¥–∞—á–µ $‚Ññ3$, –Ω–æ –≤ –∫
                                                  –æ—Ç–æ—Ä–æ–π –≤–æ–∑–º–æ–∂–...

You may provide a definition with
\DeclareUnicodeCharacter 


! LaTeX Error: Unicode character –æ (U+043E)
               not set up for use with LaTeX.

See the LaTeX manual or LaTeX Companion for explanation.
Type  H <return>  for immediate help.
 ...                                              
                                                  
l.6 ...∏—á–Ω–∞—è –∑–∞–¥–∞—á–µ $‚Ññ3$, –Ω–æ –≤ –∫–æ
                                                  —Ç–æ—Ä–æ–π –≤–æ–∑–º–æ–∂–Ω–...

You may provide a definition with
\DeclareUnicodeCharacter 


! LaTeX Error: Unicode character —Ç (U+0442)
               not set up for use with LaTeX.

See the LaTeX manual or LaTeX Companion for explanation.
Type  H <return>  for immediate help.
 ...                                              
                                                  
l.6 ...á–Ω–∞—è –∑–∞–¥–∞—á–µ $‚Ññ3$, –Ω–æ –≤ –∫–æ—Ç
                                                  –æ—Ä–æ–π –≤–æ–∑–º–æ–∂–Ω–∞ ...

You may provide a definition with
\DeclareUnicodeCharacter 


! LaTeX Error: Unicode character –æ (U+043E)
               not set up for use with LaTeX.

See the LaTeX manual or LaTeX Companion for explanation.
Type  H <return>  for immediate help.
 ...                                              
                                                  
l.6 ...Ω–∞—è –∑–∞–¥–∞—á–µ $‚Ññ3$, –Ω–æ –≤ –∫–æ—Ç–æ
                                                  —Ä–æ–π –≤–æ–∑–º–æ–∂–Ω–∞ –æ...

You may provide a definition with
\DeclareUnicodeCharacter 


! LaTeX Error: Unicode character —Ä (U+0440)
               not set up for use with LaTeX.

See the LaTeX manual or LaTeX Companion for explanation.
Type  H <return>  for immediate help.
 ...                                              
                                                  
l.6 ...∞—è –∑–∞–¥–∞—á–µ $‚Ññ3$, –Ω–æ –≤ –∫–æ—Ç–æ—Ä
                                                  –æ–π –≤–æ–∑–º–æ–∂–Ω–∞ –æ—Ä...

You may provide a definition with
\DeclareUnicodeCharacter 


! LaTeX Error: Unicode character –æ (U+043E)
               not set up for use with LaTeX.

See the LaTeX manual or LaTeX Companion for explanation.
Type  H <return>  for immediate help.
 ...                                              
                                                  
l.6 ...è –∑–∞–¥–∞—á–µ $‚Ññ3$, –Ω–æ –≤ –∫–æ—Ç–æ—Ä–æ
                                                  –π –≤–æ–∑–º–æ–∂–Ω–∞ –æ—Ä–≥...

You may provide a definition with
\DeclareUnicodeCharacter 


! LaTeX Error: Unicode character –π (U+0439)
               not set up for use with LaTeX.

See the LaTeX manual or LaTeX Companion for explanation.
Type  H <return>  for immediate help.
 ...                                              
                                                  
l.6 ...–∑–∞–¥–∞—á–µ $‚Ññ3$, –Ω–æ –≤ –∫–æ—Ç–æ—Ä–æ–π
                                                   –≤–æ–∑–º–æ–∂–Ω–∞ –æ—Ä–≥–∞...

You may provide a definition with
\DeclareUnicodeCharacter 


! LaTeX Error: Unicode character –≤ (U+0432)
               not set up for use with LaTeX.

See the LaTeX manual or LaTeX Companion for explanation.
Type  H <return>  for immediate help.
 ...                                              
                                                  
l.6 ...∞–¥–∞—á–µ $‚Ññ3$, –Ω–æ –≤ –∫–æ—Ç–æ—Ä–æ–π –≤
                                                  –æ–∑–º–æ–∂–Ω–∞ –æ—Ä–≥–∞–Ω–...

You may provide a definition with
\DeclareUnicodeCharacter 


! LaTeX Error: Unicode character –æ (U+043E)
               not set up for use with LaTeX.

See the LaTeX manual or LaTeX Companion for explanation.
Type  H <return>  for immediate help.
 ...                                              
                                                  
l.6 ...¥–∞—á–µ $‚Ññ3$, –Ω–æ –≤ –∫–æ—Ç–æ—Ä–æ–π –≤–æ
                                                  –∑–º–æ–∂–Ω–∞ –æ—Ä–≥–∞–Ω–∏–...

You may provide a definition with
\DeclareUnicodeCharacter 


! LaTeX Error: Unicode character –∑ (U+0437)
               not set up for use with LaTeX.

See the LaTeX manual or LaTeX Companion for explanation.
Type  H <return>  for immediate help.
 ...                                              
                                                  
l.6 ...∞—á–µ $‚Ññ3$, –Ω–æ –≤ –∫–æ—Ç–æ—Ä–æ–π –≤–æ–∑
                                                  –º–æ–∂–Ω–∞ –æ—Ä–≥–∞–Ω–∏–∑–...

You may provide a definition with
\DeclareUnicodeCharacter 


! LaTeX Error: Unicode character –º (U+043C)
               not set up for use with LaTeX.

See the LaTeX manual or LaTeX Companion for explanation.
Type  H <return>  for immediate help.
 ...                                              
                                                  
l.6 ...á–µ $‚Ññ3$, –Ω–æ –≤ –∫–æ—Ç–æ—Ä–æ–π –≤–æ–∑–º
                                                  –æ–∂–Ω–∞ –æ—Ä–≥–∞–Ω–∏–∑–∞—...

You may provide a definition with
\DeclareUnicodeCharacter 


! LaTeX Error: Unicode character –æ (U+043E)
               not set up for use with LaTeX.

See the LaTeX manual or LaTeX Companion for explanation.
Type  H <return>  for immediate help.
 ...                                              
                                                  
l.6 ...µ $‚Ññ3$, –Ω–æ –≤ –∫–æ—Ç–æ—Ä–æ–π –≤–æ–∑–º–æ
                                                  –∂–Ω–∞ –æ—Ä–≥–∞–Ω–∏–∑–∞—Ü–...

You may provide a definition with
\DeclareUnicodeCharacter 


! LaTeX Error: Unicode character –∂ (U+0436)
               not set up for use with LaTeX.

See the LaTeX manual or LaTeX Companion for explanation.
Type  H <return>  for immediate help.
 ...                                              
                                                  
l.6 ...$‚Ññ3$, –Ω–æ –≤ –∫–æ—Ç–æ—Ä–æ–π –≤–æ–∑–º–æ–∂
                                                  –Ω–∞ –æ—Ä–≥–∞–Ω–∏–∑–∞—Ü–∏—...

You may provide a definition with
\DeclareUnicodeCharacter 


! LaTeX Error: Unicode character –Ω (U+043D)
               not set up for use with LaTeX.

See the LaTeX manual or LaTeX Companion for explanation.
Type  H <return>  for immediate help.
 ...                                              
                                                  
l.6 ...Ññ3$, –Ω–æ –≤ –∫–æ—Ç–æ—Ä–æ–π –≤–æ–∑–º–æ–∂–Ω
                                                  –∞ –æ—Ä–≥–∞–Ω–∏–∑–∞—Ü–∏—è ...

You may provide a definition with
\DeclareUnicodeCharacter 


! LaTeX Error: Unicode character –∞ (U+0430)
               not set up for use with LaTeX.

See the LaTeX manual or LaTeX Companion for explanation.
Type  H <return>  for immediate help.
 ...                                              
                                                  
l.6 ...3$, –Ω–æ –≤ –∫–æ—Ç–æ—Ä–æ–π –≤–æ–∑–º–æ–∂–Ω–∞
                                                   –æ—Ä–≥–∞–Ω–∏–∑–∞—Ü–∏—è —Ä...

You may provide a definition with
\DeclareUnicodeCharacter 


! LaTeX Error: Unicode character –æ (U+043E)
               not set up for use with LaTeX.

See the LaTeX manual or LaTeX Companion for explanation.
Type  H <return>  for immediate help.
 ...                                              
                                                  
l.6 ... –Ω–æ –≤ –∫–æ—Ç–æ—Ä–æ–π –≤–æ–∑–º–æ–∂–Ω–∞ –æ
                                                  —Ä–≥–∞–Ω–∏–∑–∞—Ü–∏—è —Ä–µ–...

You may provide a definition with
\DeclareUnicodeCharacter 


! LaTeX Error: Unicode character —Ä (U+0440)
               not set up for use with LaTeX.

See the LaTeX manual or LaTeX Companion for explanation.
Type  H <return>  for immediate help.
 ...                                              
                                                  
l.6 ...Ω–æ –≤ –∫–æ—Ç–æ—Ä–æ–π –≤–æ–∑–º–æ–∂–Ω–∞ –æ—Ä
                                                  –≥–∞–Ω–∏–∑–∞—Ü–∏—è —Ä–µ–º–...

You may provide a definition with
\DeclareUnicodeCharacter 


! LaTeX Error: Unicode character –≥ (U+0433)
               not set up for use with LaTeX.

See the LaTeX manual or LaTeX Companion for explanation.
Type  H <return>  for immediate help.
 ...                                              
                                                  
l.6 ...æ –≤ –∫–æ—Ç–æ—Ä–æ–π –≤–æ–∑–º–æ–∂–Ω–∞ –æ—Ä–≥
                                                  –∞–Ω–∏–∑–∞—Ü–∏—è —Ä–µ–º–æ–...

You may provide a definition with
\DeclareUnicodeCharacter 


! LaTeX Error: Unicode character –∞ (U+0430)
               not set up for use with LaTeX.

See the LaTeX manual or LaTeX Companion for explanation.
Type  H <return>  for immediate help.
 ...                                              
                                                  
l.6 ...–≤ –∫–æ—Ç–æ—Ä–æ–π –≤–æ–∑–º–æ–∂–Ω–∞ –æ—Ä–≥–∞
                                                  –Ω–∏–∑–∞—Ü–∏—è —Ä–µ–º–æ–Ω—...

You may provide a definition with
\DeclareUnicodeCharacter 


! LaTeX Error: Unicode character –Ω (U+043D)
               not set up for use with LaTeX.

See the LaTeX manual or LaTeX Companion for explanation.
Type  H <return>  for immediate help.
 ...                                              
                                                  
l.6 ... –∫–æ—Ç–æ—Ä–æ–π –≤–æ–∑–º–æ–∂–Ω–∞ –æ—Ä–≥–∞–Ω
                                                  –∏–∑–∞—Ü–∏—è —Ä–µ–º–æ–Ω—Ç–...

You may provide a definition with
\DeclareUnicodeCharacter 


! LaTeX Error: Unicode character –∏ (U+0438)
               not set up for use with LaTeX.

See the LaTeX manual or LaTeX Companion for explanation.
Type  H <return>  for immediate help.
 ...                                              
                                                  
l.6 ...∫–æ—Ç–æ—Ä–æ–π –≤–æ–∑–º–æ–∂–Ω–∞ –æ—Ä–≥–∞–Ω–∏
                                                  –∑–∞—Ü–∏—è —Ä–µ–º–æ–Ω—Ç–∞ ...

You may provide a definition with
\DeclareUnicodeCharacter 


! LaTeX Error: Unicode character –∑ (U+0437)
               not set up for use with LaTeX.

See the LaTeX manual or LaTeX Companion for explanation.
Type  H <return>  for immediate help.
 ...                                              
                                                  
l.6 ...æ—Ç–æ—Ä–æ–π –≤–æ–∑–º–æ–∂–Ω–∞ –æ—Ä–≥–∞–Ω–∏–∑
                                                  –∞—Ü–∏—è —Ä–µ–º–æ–Ω—Ç–∞ —Ä...

You may provide a definition with
\DeclareUnicodeCharacter 


! LaTeX Error: Unicode character –∞ (U+0430)
               not set up for use with LaTeX.

See the LaTeX manual or LaTeX Companion for explanation.
Type  H <return>  for immediate help.
 ...                                              
                                                  
l.6 ...Ç–æ—Ä–æ–π –≤–æ–∑–º–æ–∂–Ω–∞ –æ—Ä–≥–∞–Ω–∏–∑–∞
                                                  —Ü–∏—è —Ä–µ–º–æ–Ω—Ç–∞ —Ä–∞...

You may provide a definition with
\DeclareUnicodeCharacter 


! LaTeX Error: Unicode character —Ü (U+0446)
               not set up for use with LaTeX.

See the LaTeX manual or LaTeX Companion for explanation.
Type  H <return>  for immediate help.
 ...                                              
                                                  
l.6 ...æ—Ä–æ–π –≤–æ–∑–º–æ–∂–Ω–∞ –æ—Ä–≥–∞–Ω–∏–∑–∞—Ü
                                                  –∏—è —Ä–µ–º–æ–Ω—Ç–∞ —Ä–∞–Ω...

You may provide a definition with
\DeclareUnicodeCharacter 


! LaTeX Error: Unicode character –∏ (U+0438)
               not set up for use with LaTeX.

See the LaTeX manual or LaTeX Companion for explanation.
Type  H <return>  for immediate help.
 ...                                              
                                                  
l.6 ...Ä–æ–π –≤–æ–∑–º–æ–∂–Ω–∞ –æ—Ä–≥–∞–Ω–∏–∑–∞—Ü–∏
                                                  —è —Ä–µ–º–æ–Ω—Ç–∞ —Ä–∞–Ω–µ...

You may provide a definition with
\DeclareUnicodeCharacter 


! LaTeX Error: Unicode character —è (U+044F)
               not set up for use with LaTeX.

See the LaTeX manual or LaTeX Companion for explanation.
Type  H <return>  for immediate help.
 ...                                              
                                                  
l.6 ...æ–π –≤–æ–∑–º–æ–∂–Ω–∞ –æ—Ä–≥–∞–Ω–∏–∑–∞—Ü–∏—è
                                                   —Ä–µ–º–æ–Ω—Ç–∞ —Ä–∞–Ω–µ–µ...

You may provide a definition with
\DeclareUnicodeCharacter 


! LaTeX Error: Unicode character —Ä (U+0440)
               not set up for use with LaTeX.

See the LaTeX manual or LaTeX Companion for explanation.
Type  H <return>  for immediate help.
 ...                                              
                                                  
l.6 ... –≤–æ–∑–º–æ–∂–Ω–∞ –æ—Ä–≥–∞–Ω–∏–∑–∞—Ü–∏—è —Ä
                                                  –µ–º–æ–Ω—Ç–∞ —Ä–∞–Ω–µ–µ –≤...

You may provide a definition with
\DeclareUnicodeCharacter 


! LaTeX Error: Unicode character –µ (U+0435)
               not set up for use with LaTeX.

See the LaTeX manual or LaTeX Companion for explanation.
Type  H <return>  for immediate help.
 ...                                              
                                                  
l.6 ...≤–æ–∑–º–æ–∂–Ω–∞ –æ—Ä–≥–∞–Ω–∏–∑–∞—Ü–∏—è —Ä–µ
                                                  –º–æ–Ω—Ç–∞ —Ä–∞–Ω–µ–µ –≤—ã...

You may provide a definition with
\DeclareUnicodeCharacter 


! LaTeX Error: Unicode character –º (U+043C)
               not set up for use with LaTeX.

See the LaTeX manual or LaTeX Companion for explanation.
Type  H <return>  for immediate help.
 ...                                              
                                                  
l.6 ...æ–∑–º–æ–∂–Ω–∞ –æ—Ä–≥–∞–Ω–∏–∑–∞—Ü–∏—è —Ä–µ–º
                                                  –æ–Ω—Ç–∞ —Ä–∞–Ω–µ–µ –≤—ã—à...

You may provide a definition with
\DeclareUnicodeCharacter 


! LaTeX Error: Unicode character –æ (U+043E)
               not set up for use with LaTeX.

See the LaTeX manual or LaTeX Companion for explanation.
Type  H <return>  for immediate help.
 ...                                              
                                                  
l.6 ...∑–º–æ–∂–Ω–∞ –æ—Ä–≥–∞–Ω–∏–∑–∞—Ü–∏—è —Ä–µ–º–æ
                                                  –Ω—Ç–∞ —Ä–∞–Ω–µ–µ –≤—ã—à–µ...

You may provide a definition with
\DeclareUnicodeCharacter 


! LaTeX Error: Unicode character –Ω (U+043D)
               not set up for use with LaTeX.

See the LaTeX manual or LaTeX Companion for explanation.
Type  H <return>  for immediate help.
 ...                                              
                                                  
l.6 ...º–æ–∂–Ω–∞ –æ—Ä–≥–∞–Ω–∏–∑–∞—Ü–∏—è —Ä–µ–º–æ–Ω
                                                  —Ç–∞ —Ä–∞–Ω–µ–µ –≤—ã—à–µ–¥...

You may provide a definition with
\DeclareUnicodeCharacter 


! LaTeX Error: Unicode character —Ç (U+0442)
               not set up for use with LaTeX.

See the LaTeX manual or LaTeX Companion for explanation.
Type  H <return>  for immediate help.
 ...                                              
                                                  
l.6 ...æ–∂–Ω–∞ –æ—Ä–≥–∞–Ω–∏–∑–∞—Ü–∏—è —Ä–µ–º–æ–Ω—Ç
                                                  –∞ —Ä–∞–Ω–µ–µ –≤—ã—à–µ–¥—à...

You may provide a definition with
\DeclareUnicodeCharacter 


! LaTeX Error: Unicode character –∞ (U+0430)
               not set up for use with LaTeX.

See the LaTeX manual or LaTeX Companion for explanation.
Type  H <return>  for immediate help.
 ...                                              
                                                  
l.6 ...∂–Ω–∞ –æ—Ä–≥–∞–Ω–∏–∑–∞—Ü–∏—è —Ä–µ–º–æ–Ω—Ç–∞
                                                   —Ä–∞–Ω–µ–µ –≤—ã—à–µ–¥—à–∏...

You may provide a definition with
\DeclareUnicodeCharacter 


! LaTeX Error: Unicode character —Ä (U+0440)
               not set up for use with LaTeX.

See the LaTeX manual or LaTeX Companion for explanation.
Type  H <return>  for immediate help.
 ...                                              
                                                  
l.6 ...–∞ –æ—Ä–≥–∞–Ω–∏–∑–∞—Ü–∏—è —Ä–µ–º–æ–Ω—Ç–∞ —Ä
                                                  –∞–Ω–µ–µ –≤—ã—à–µ–¥—à–∏—Ö ...

You may provide a definition with
\DeclareUnicodeCharacter 


! LaTeX Error: Unicode character –∞ (U+0430)
               not set up for use with LaTeX.

See the LaTeX manual or LaTeX Companion for explanation.
Type  H <return>  for immediate help.
 ...                                              
                                                  
l.6 ... –æ—Ä–≥–∞–Ω–∏–∑–∞—Ü–∏—è —Ä–µ–º–æ–Ω—Ç–∞ —Ä–∞
                                                  –Ω–µ–µ –≤—ã—à–µ–¥—à–∏—Ö –∏...

You may provide a definition with
\DeclareUnicodeCharacter 


! LaTeX Error: Unicode character –Ω (U+043D)
               not set up for use with LaTeX.

See the LaTeX manual or LaTeX Companion for explanation.
Type  H <return>  for immediate help.
 ...                                              
                                                  
l.6 ...æ—Ä–≥–∞–Ω–∏–∑–∞—Ü–∏—è —Ä–µ–º–æ–Ω—Ç–∞ —Ä–∞–Ω
                                                  –µ–µ –≤—ã—à–µ–¥—à–∏—Ö –∏–∑...

You may provide a definition with
\DeclareUnicodeCharacter 


! LaTeX Error: Unicode character –µ (U+0435)
               not set up for use with LaTeX.

See the LaTeX manual or LaTeX Companion for explanation.
Type  H <return>  for immediate help.
 ...                                              
                                                  
l.6 ...Ä–≥–∞–Ω–∏–∑–∞—Ü–∏—è —Ä–µ–º–æ–Ω—Ç–∞ —Ä–∞–Ω–µ
                                                  –µ –≤—ã—à–µ–¥—à–∏—Ö –∏–∑ —...

You may provide a definition with
\DeclareUnicodeCharacter 


! LaTeX Error: Unicode character –µ (U+0435)
               not set up for use with LaTeX.

See the LaTeX manual or LaTeX Companion for explanation.
Type  H <return>  for immediate help.
 ...                                              
                                                  
l.6 ...≥–∞–Ω–∏–∑–∞—Ü–∏—è —Ä–µ–º–æ–Ω—Ç–∞ —Ä–∞–Ω–µ–µ
                                                   –≤—ã—à–µ–¥—à–∏—Ö –∏–∑ —Å—...

You may provide a definition with
\DeclareUnicodeCharacter 


! LaTeX Error: Unicode character –≤ (U+0432)
               not set up for use with LaTeX.

See the LaTeX manual or LaTeX Companion for explanation.
Type  H <return>  for immediate help.
 ...                                              
                                                  
l.6 ...–Ω–∏–∑–∞—Ü–∏—è —Ä–µ–º–æ–Ω—Ç–∞ —Ä–∞–Ω–µ–µ –≤
                                                  —ã—à–µ–¥—à–∏—Ö –∏–∑ —Å—Ç—Ä...

You may provide a definition with
\DeclareUnicodeCharacter 


! LaTeX Error: Unicode character —ã (U+044B)
               not set up for use with LaTeX.

See the LaTeX manual or LaTeX Companion for explanation.
Type  H <return>  for immediate help.
 ...                                              
                                                  
l.6 ...–∏–∑–∞—Ü–∏—è —Ä–µ–º–æ–Ω—Ç–∞ —Ä–∞–Ω–µ–µ –≤—ã
                                                  —à–µ–¥—à–∏—Ö –∏–∑ —Å—Ç—Ä–æ...

You may provide a definition with
\DeclareUnicodeCharacter 


! LaTeX Error: Unicode character —à (U+0448)
               not set up for use with LaTeX.

See the LaTeX manual or LaTeX Companion for explanation.
Type  H <return>  for immediate help.
 ...                                              
                                                  
l.6 ...–∑–∞—Ü–∏—è —Ä–µ–º–æ–Ω—Ç–∞ —Ä–∞–Ω–µ–µ –≤—ã—à
                                                  –µ–¥—à–∏—Ö –∏–∑ —Å—Ç—Ä–æ—è...

You may provide a definition with
\DeclareUnicodeCharacter 


! LaTeX Error: Unicode character –µ (U+0435)
               not set up for use with LaTeX.

See the LaTeX manual or LaTeX Companion for explanation.
Type  H <return>  for immediate help.
 ...                                              
                                                  
l.6 ...–∞—Ü–∏—è —Ä–µ–º–æ–Ω—Ç–∞ —Ä–∞–Ω–µ–µ –≤—ã—à–µ
                                                  –¥—à–∏—Ö –∏–∑ —Å—Ç—Ä–æ—è —...

You may provide a definition with
\DeclareUnicodeCharacter 


! LaTeX Error: Unicode character –¥ (U+0434)
               not set up for use with LaTeX.

See the LaTeX manual or LaTeX Companion for explanation.
Type  H <return>  for immediate help.
 ...                                              
                                                  
l.6 ...—Ü–∏—è —Ä–µ–º–æ–Ω—Ç–∞ —Ä–∞–Ω–µ–µ –≤—ã—à–µ–¥
                                                  —à–∏—Ö –∏–∑ —Å—Ç—Ä–æ—è —É—...

You may provide a definition with
\DeclareUnicodeCharacter 


! LaTeX Error: Unicode character —à (U+0448)
               not set up for use with LaTeX.

See the LaTeX manual or LaTeX Companion for explanation.
Type  H <return>  for immediate help.
 ...                                              
                                                  
l.6 ...–∏—è —Ä–µ–º–æ–Ω—Ç–∞ —Ä–∞–Ω–µ–µ –≤—ã—à–µ–¥—à
                                                  –∏—Ö –∏–∑ —Å—Ç—Ä–æ—è —É—Å—...

You may provide a definition with
\DeclareUnicodeCharacter 


! LaTeX Error: Unicode character –∏ (U+0438)
               not set up for use with LaTeX.

See the LaTeX manual or LaTeX Companion for explanation.
Type  H <return>  for immediate help.
 ...                                              
                                                  
l.6 ...—è —Ä–µ–º–æ–Ω—Ç–∞ —Ä–∞–Ω–µ–µ –≤—ã—à–µ–¥—à–∏
                                                  —Ö –∏–∑ —Å—Ç—Ä–æ—è —É—Å—Ç—...

You may provide a definition with
\DeclareUnicodeCharacter 


! LaTeX Error: Unicode character —Ö (U+0445)
               not set up for use with LaTeX.

See the LaTeX manual or LaTeX Companion for explanation.
Type  H <return>  for immediate help.
 ...                                              
                                                  
l.6 ... —Ä–µ–º–æ–Ω—Ç–∞ —Ä–∞–Ω–µ–µ –≤—ã—à–µ–¥—à–∏—Ö
                                                   –∏–∑ —Å—Ç—Ä–æ—è —É—Å—Ç—Ä–...

You may provide a definition with
\DeclareUnicodeCharacter 


! LaTeX Error: Unicode character –∏ (U+0438)
               not set up for use with LaTeX.

See the LaTeX manual or LaTeX Companion for explanation.
Type  H <return>  for immediate help.
 ...                                              
                                                  
l.6 ...–µ–º–æ–Ω—Ç–∞ —Ä–∞–Ω–µ–µ –≤—ã—à–µ–¥—à–∏—Ö –∏
                                                  –∑ —Å—Ç—Ä–æ—è —É—Å—Ç—Ä–æ–π...

You may provide a definition with
\DeclareUnicodeCharacter 


! LaTeX Error: Unicode character –∑ (U+0437)
               not set up for use with LaTeX.

See the LaTeX manual or LaTeX Companion for explanation.
Type  H <return>  for immediate help.
 ...                                              
                                                  
l.6 ...–º–æ–Ω—Ç–∞ —Ä–∞–Ω–µ–µ –≤—ã—à–µ–¥—à–∏—Ö –∏–∑
                                                   —Å—Ç—Ä–æ—è —É—Å—Ç—Ä–æ–π—Å...

You may provide a definition with
\DeclareUnicodeCharacter 


! LaTeX Error: Unicode character —Å (U+0441)
               not set up for use with LaTeX.

See the LaTeX manual or LaTeX Companion for explanation.
Type  H <return>  for immediate help.
 ...                                              
                                                  
l.6 ...æ–Ω—Ç–∞ —Ä–∞–Ω–µ–µ –≤—ã—à–µ–¥—à–∏—Ö –∏–∑ —Å
                                                  —Ç—Ä–æ—è —É—Å—Ç—Ä–æ–π—Å—Ç–≤.
You may provide a definition with
\DeclareUnicodeCharacter 


! LaTeX Error: Unicode character —Ç (U+0442)
               not set up for use with LaTeX.

See the LaTeX manual or LaTeX Companion for explanation.
Type  H <return>  for immediate help.
 ...                                              
                                                  
l.6 ...Ω—Ç–∞ —Ä–∞–Ω–µ–µ –≤—ã—à–µ–¥—à–∏—Ö –∏–∑ —Å—Ç
                                                  —Ä–æ—è —É—Å—Ç—Ä–æ–π—Å—Ç–≤.
You may provide a definition with
\DeclareUnicodeCharacter 


! LaTeX Error: Unicode character —Ä (U+0440)
               not set up for use with LaTeX.

See the LaTeX manual or LaTeX Companion for explanation.
Type  H <return>  for immediate help.
 ...                                              
                                                  
l.6 ...Ç–∞ —Ä–∞–Ω–µ–µ –≤—ã—à–µ–¥—à–∏—Ö –∏–∑ —Å—Ç—Ä
                                                  –æ—è —É—Å—Ç—Ä–æ–π—Å—Ç–≤.
You may provide a definition with
\DeclareUnicodeCharacter 


! LaTeX Error: Unicode character –æ (U+043E)
               not set up for use with LaTeX.

See the LaTeX manual or LaTeX Companion for explanation.
Type  H <return>  for immediate help.
 ...                                              
                                                  
l.6 ...∞ —Ä–∞–Ω–µ–µ –≤—ã—à–µ–¥—à–∏—Ö –∏–∑ —Å—Ç—Ä–æ
                                                  —è —É—Å—Ç—Ä–æ–π—Å—Ç–≤.
You may provide a definition with
\DeclareUnicodeCharacter 


! LaTeX Error: Unicode character —è (U+044F)
               not set up for use with LaTeX.

See the LaTeX manual or LaTeX Companion for explanation.
Type  H <return>  for immediate help.
 ...                                              
                                                  
l.6 ...—Ä–∞–Ω–µ–µ –≤—ã—à–µ–¥—à–∏—Ö –∏–∑ —Å—Ç—Ä–æ—è
                                                   —É—Å—Ç—Ä–æ–π—Å—Ç–≤.
You may provide a definition with
\DeclareUnicodeCharacter 


! LaTeX Error: Unicode character —É (U+0443)
               not set up for use with LaTeX.

See the LaTeX manual or LaTeX Companion for explanation.
Type  H <return>  for immediate help.
 ...                                              
                                                  
l.6 ...∞–Ω–µ–µ –≤—ã—à–µ–¥—à–∏—Ö –∏–∑ —Å—Ç—Ä–æ—è —É
                                                  —Å—Ç—Ä–æ–π—Å—Ç–≤.
You may provide a definition with
\DeclareUnicodeCharacter 


! LaTeX Error: Unicode character —Å (U+0441)
               not set up for use with LaTeX.

See the LaTeX manual or LaTeX Companion for explanation.
Type  H <return>  for immediate help.
 ...                                              
                                                  
l.6 ...Ω–µ–µ –≤—ã—à–µ–¥—à–∏—Ö –∏–∑ —Å—Ç—Ä–æ—è —É—Å
                                                  —Ç—Ä–æ–π—Å—Ç–≤.
You may provide a definition with
\DeclareUnicodeCharacter 


! LaTeX Error: Unicode character —Ç (U+0442)
               not set up for use with LaTeX.

See the LaTeX manual or LaTeX Companion for explanation.
Type  H <return>  for immediate help.
 ...                                              
                                                  
l.6 ...µ–µ –≤—ã—à–µ–¥—à–∏—Ö –∏–∑ —Å—Ç—Ä–æ—è —É—Å—Ç
                                                  —Ä–æ–π—Å—Ç–≤.
You may provide a definition with
\DeclareUnicodeCharacter 


! LaTeX Error: Unicode character —Ä (U+0440)
               not set up for use with LaTeX.

See the LaTeX manual or LaTeX Companion for explanation.
Type  H <return>  for immediate help.
 ...                                              
                                                  
l.6 ...µ –≤—ã—à–µ–¥—à–∏—Ö –∏–∑ —Å—Ç—Ä–æ—è —É—Å—Ç—Ä
                                                  –æ–π—Å—Ç–≤.
You may provide a definition with
\DeclareUnicodeCharacter 


! LaTeX Error: Unicode character –æ (U+043E)
               not set up for use with LaTeX.

See the LaTeX manual or LaTeX Companion for explanation.
Type  H <return>  for immediate help.
 ...                                              
                                                  
l.6 ...–≤—ã—à–µ–¥—à–∏—Ö –∏–∑ —Å—Ç—Ä–æ—è —É—Å—Ç—Ä–æ
                                                  –π—Å—Ç–≤.
You may provide a definition with
\DeclareUnicodeCharacter 


! LaTeX Error: Unicode character –π (U+0439)
               not set up for use with LaTeX.

See the LaTeX manual or LaTeX Companion for explanation.
Type  H <return>  for immediate help.
 ...                                              
                                                  
l.6 ...—ã—à–µ–¥—à–∏—Ö –∏–∑ —Å—Ç—Ä–æ—è —É—Å—Ç—Ä–æ–π
                                                  —Å—Ç–≤.
You may provide a definition with
\DeclareUnicodeCharacter 


! LaTeX Error: Unicode character —Å (U+0441)
               not set up for use with LaTeX.

See the LaTeX manual or LaTeX Companion for explanation.
Type  H <return>  for immediate help.
 ...                                              
                                                  
l.6 ...—à–µ–¥—à–∏—Ö –∏–∑ —Å—Ç—Ä–æ—è —É—Å—Ç—Ä–æ–π—Å
                                                  —Ç–≤.
You may provide a definition with
\DeclareUnicodeCharacter 


! LaTeX Error: Unicode character —Ç (U+0442)
               not set up for use with LaTeX.

See the LaTeX manual or LaTeX Companion for explanation.
Type  H <return>  for immediate help.
 ...                                              
                                                  
l.6 ...–µ–¥—à–∏—Ö –∏–∑ —Å—Ç—Ä–æ—è —É—Å—Ç—Ä–æ–π—Å—Ç
                                                  –≤.
You may provide a definition with
\DeclareUnicodeCharacter 


! LaTeX Error: Unicode character –≤ (U+0432)
               not set up for use with LaTeX.

See the LaTeX manual or LaTeX Companion for explanation.
Type  H <return>  for immediate help.
 ...                                              
                                                  
l.6 ...–¥—à–∏—Ö –∏–∑ —Å—Ç—Ä–æ—è —É—Å—Ç—Ä–æ–π—Å—Ç–≤
                                                  .
You may provide a definition with
\DeclareUnicodeCharacter 

Missing character: There is no . in font nullfont!

! LaTeX Error: Unicode character –û (U+041E)
               not set up for use with LaTeX.

See the LaTeX manual or LaTeX Companion for explanation.
Type  H <return>  for immediate help.
 ...                                              
                                                  
l.7 –û
      –¥–Ω–æ–≤—Ä–µ–º–µ–Ω–Ω–æ –º–æ–∂–µ—Ç —Ä–µ–º–æ–Ω—Ç–∏—Ä–æ–≤–∞—Ç—å—Å—è —Ç–æ–...

You may provide a definition with
\DeclareUnicodeCharacter 


! LaTeX Error: Unicode character –¥ (U+0434)
               not set up for use with LaTeX.

See the LaTeX manual or LaTeX Companion for explanation.
Type  H <return>  for immediate help.
 ...                                              
                                                  
l.7 –û–¥
        –Ω–æ–≤—Ä–µ–º–µ–Ω–Ω–æ –º–æ–∂–µ—Ç —Ä–µ–º–æ–Ω—Ç–∏—Ä–æ–≤–∞—Ç—å—Å—è —Ç–æ–...

You may provide a definition with
\DeclareUnicodeCharacter 


! LaTeX Error: Unicode character –Ω (U+043D)
               not set up for use with LaTeX.

See the LaTeX manual or LaTeX Companion for explanation.
Type  H <return>  for immediate help.
 ...                                              
                                                  
l.7 –û–¥–Ω
          –æ–≤—Ä–µ–º–µ–Ω–Ω–æ –º–æ–∂–µ—Ç —Ä–µ–º–æ–Ω—Ç–∏—Ä–æ–≤–∞—Ç—å—Å—è —Ç–æ–...

You may provide a definition with
\DeclareUnicodeCharacter 


! LaTeX Error: Unicode character –æ (U+043E)
               not set up for use with LaTeX.

See the LaTeX manual or LaTeX Companion for explanation.
Type  H <return>  for immediate help.
 ...                                              
                                                  
l.7 –û–¥–Ω–æ
            –≤—Ä–µ–º–µ–Ω–Ω–æ –º–æ–∂–µ—Ç —Ä–µ–º–æ–Ω—Ç–∏—Ä–æ–≤–∞—Ç—å—Å—è —Ç–æ–...

You may provide a definition with
\DeclareUnicodeCharacter 


! LaTeX Error: Unicode character –≤ (U+0432)
               not set up for use with LaTeX.

See the LaTeX manual or LaTeX Companion for explanation.
Type  H <return>  for immediate help.
 ...                                              
                                                  
l.7 –û–¥–Ω–æ–≤
              —Ä–µ–º–µ–Ω–Ω–æ –º–æ–∂–µ—Ç —Ä–µ–º–æ–Ω—Ç–∏—Ä–æ–≤–∞—Ç—å—Å—è —Ç–æ–...

You may provide a definition with
\DeclareUnicodeCharacter 


! LaTeX Error: Unicode character —Ä (U+0440)
               not set up for use with LaTeX.

See the LaTeX manual or LaTeX Companion for explanation.
Type  H <return>  for immediate help.
 ...                                              
                                                  
l.7 –û–¥–Ω–æ–≤—Ä
                –µ–º–µ–Ω–Ω–æ –º–æ–∂–µ—Ç —Ä–µ–º–æ–Ω—Ç–∏—Ä–æ–≤–∞—Ç—å—Å—è —Ç–æ–...

You may provide a definition with
\DeclareUnicodeCharacter 


! LaTeX Error: Unicode character –µ (U+0435)
               not set up for use with LaTeX.

See the LaTeX manual or LaTeX Companion for explanation.
Type  H <return>  for immediate help.
 ...                                              
                                                  
l.7 –û–¥–Ω–æ–≤—Ä–µ
                  –º–µ–Ω–Ω–æ –º–æ–∂–µ—Ç —Ä–µ–º–æ–Ω—Ç–∏—Ä–æ–≤–∞—Ç—å—Å—è —Ç–æ–...

You may provide a definition with
\DeclareUnicodeCharacter 


! LaTeX Error: Unicode character –º (U+043C)
               not set up for use with LaTeX.

See the LaTeX manual or LaTeX Companion for explanation.
Type  H <return>  for immediate help.
 ...                                              
                                                  
l.7 –û–¥–Ω–æ–≤—Ä–µ–º
                    –µ–Ω–Ω–æ –º–æ–∂–µ—Ç —Ä–µ–º–æ–Ω—Ç–∏—Ä–æ–≤–∞—Ç—å—Å—è —Ç–æ–...

You may provide a definition with
\DeclareUnicodeCharacter 


! LaTeX Error: Unicode character –µ (U+0435)
               not set up for use with LaTeX.

See the LaTeX manual or LaTeX Companion for explanation.
Type  H <return>  for immediate help.
 ...                                              
                                                  
l.7 –û–¥–Ω–æ–≤—Ä–µ–º–µ
                      –Ω–Ω–æ –º–æ–∂–µ—Ç —Ä–µ–º–æ–Ω—Ç–∏—Ä–æ–≤–∞—Ç—å—Å—è —Ç–æ–...

You may provide a definition with
\DeclareUnicodeCharacter 


! LaTeX Error: Unicode character –Ω (U+043D)
               not set up for use with LaTeX.

See the LaTeX manual or LaTeX Companion for explanation.
Type  H <return>  for immediate help.
 ...                                              
                                                  
l.7 –û–¥–Ω–æ–≤—Ä–µ–º–µ–Ω
                        –Ω–æ –º–æ–∂–µ—Ç —Ä–µ–º–æ–Ω—Ç–∏—Ä–æ–≤–∞—Ç—å—Å—è —Ç–æ–...

You may provide a definition with
\DeclareUnicodeCharacter 


! LaTeX Error: Unicode character –Ω (U+043D)
               not set up for use with LaTeX.

See the LaTeX manual or LaTeX Companion for explanation.
Type  H <return>  for immediate help.
 ...                                              
                                                  
l.7 –û–¥–Ω–æ–≤—Ä–µ–º–µ–Ω–Ω
                          –æ –º–æ–∂–µ—Ç —Ä–µ–º–æ–Ω—Ç–∏—Ä–æ–≤–∞—Ç—å—Å—è —Ç–æ–...

You may provide a definition with
\DeclareUnicodeCharacter 


! LaTeX Error: Unicode character –æ (U+043E)
               not set up for use with LaTeX.

See the LaTeX manual or LaTeX Companion for explanation.
Type  H <return>  for immediate help.
 ...                                              
                                                  
l.7 –û–¥–Ω–æ–≤—Ä–µ–º–µ–Ω–Ω–æ
                             –º–æ–∂–µ—Ç —Ä–µ–º–æ–Ω—Ç–∏—Ä–æ–≤–∞—Ç—å—Å—è —Ç–æ–...

You may provide a definition with
\DeclareUnicodeCharacter 


! LaTeX Error: Unicode character –º (U+043C)
               not set up for use with LaTeX.

See the LaTeX manual or LaTeX Companion for explanation.
Type  H <return>  for immediate help.
 ...                                              
                                                  
l.7 –û–¥–Ω–æ–≤—Ä–µ–º–µ–Ω–Ω–æ –º
                               –æ–∂–µ—Ç —Ä–µ–º–æ–Ω—Ç–∏—Ä–æ–≤–∞—Ç—å—Å—è —Ç–æ–...

You may provide a definition with
\DeclareUnicodeCharacter 


! LaTeX Error: Unicode character –æ (U+043E)
               not set up for use with LaTeX.

See the LaTeX manual or LaTeX Companion for explanation.
Type  H <return>  for immediate help.
 ...                                              
                                                  
l.7 –û–¥–Ω–æ–≤—Ä–µ–º–µ–Ω–Ω–æ –º–æ
                                 –∂–µ—Ç —Ä–µ–º–æ–Ω—Ç–∏—Ä–æ–≤–∞—Ç—å—Å—è —Ç–æ–...

You may provide a definition with
\DeclareUnicodeCharacter 


! LaTeX Error: Unicode character –∂ (U+0436)
               not set up for use with LaTeX.

See the LaTeX manual or LaTeX Companion for explanation.
Type  H <return>  for immediate help.
 ...                                              
                                                  
l.7 –û–¥–Ω–æ–≤—Ä–µ–º–µ–Ω–Ω–æ –º–æ–∂
                                   –µ—Ç —Ä–µ–º–æ–Ω—Ç–∏—Ä–æ–≤–∞—Ç—å—Å—è —Ç–æ–...

You may provide a definition with
\DeclareUnicodeCharacter 


! LaTeX Error: Unicode character –µ (U+0435)
               not set up for use with LaTeX.

See the LaTeX manual or LaTeX Companion for explanation.
Type  H <return>  for immediate help.
 ...                                              
                                                  
l.7 –û–¥–Ω–æ–≤—Ä–µ–º–µ–Ω–Ω–æ –º–æ–∂–µ
                                     —Ç —Ä–µ–º–æ–Ω—Ç–∏—Ä–æ–≤–∞—Ç—å—Å—è —Ç–æ–...

You may provide a definition with
\DeclareUnicodeCharacter 


! LaTeX Error: Unicode character —Ç (U+0442)
               not set up for use with LaTeX.

See the LaTeX manual or LaTeX Companion for explanation.
Type  H <return>  for immediate help.
 ...                                              
                                                  
l.7 –û–¥–Ω–æ–≤—Ä–µ–º–µ–Ω–Ω–æ –º–æ–∂–µ—Ç
                                        —Ä–µ–º–æ–Ω—Ç–∏—Ä–æ–≤–∞—Ç—å—Å—è —Ç–æ–...
(That makes 100 errors; please try again.) 
Here is how much of TeX's memory you used:
 55 strings out of 478268
 914 string characters out of 5846347
 289381 words of memory out of 5000000
 18361 multiletter control sequences out of 15000+600000
 469902 words of font info for 30 fonts, out of 8000000 for 9000
 1141 hyphenation exceptions out of 8191
 18i,2n,13p,304b,84s stack positions out of 10000i,1000n,20000p,200000b,200000s

!  ==> Fatal error occurred, no output PDF file produced!
